{"level":30,"time":"2026-02-28T04:14:45.706Z","pid":88430,"hostname":"Brunos-MacBook-Air.local","name":"browser-automation","from":0,"to":1,"msg":"running database migrations"}
{"level":30,"time":"2026-02-28T04:14:45.709Z","pid":88430,"hostname":"Brunos-MacBook-Air.local","name":"browser-automation","version":1,"msg":"migration applied"}
{"level":30,"time":"2026-02-28T04:14:45.710Z","pid":88430,"hostname":"Brunos-MacBook-Air.local","name":"browser-automation","dbPath":"/Users/brunoclaw/.openclaw/browser-automation/store.db","msg":"store initialized"}
{"level":30,"time":"2026-02-28T04:14:45.714Z","pid":88430,"hostname":"Brunos-MacBook-Air.local","name":"browser-automation","toolCount":26,"version":"0.4.1","msg":"browser automation skill initialized"}
{"level":30,"time":"2026-02-28T04:34:42.203Z","pid":88430,"hostname":"Brunos-MacBook-Air.local","name":"browser-automation","msg":"shutting down browser automation skill"}
{"level":30,"time":"2026-02-28T04:34:42.203Z","pid":88430,"hostname":"Brunos-MacBook-Air.local","name":"browser-automation","msg":"shutting down browser pool"}
{"level":30,"time":"2026-02-28T04:34:42.203Z","pid":88430,"hostname":"Brunos-MacBook-Air.local","name":"browser-automation","msg":"browser pool shut down"}
{"level":30,"time":"2026-02-28T04:34:42.205Z","pid":88430,"hostname":"Brunos-MacBook-Air.local","name":"browser-automation","msg":"store closed"}
{"level":30,"time":"2026-02-28T04:34:42.205Z","pid":88430,"hostname":"Brunos-MacBook-Air.local","name":"browser-automation","msg":"browser automation skill shut down"}
{"level":30,"time":"2026-02-28T04:34:44.291Z","pid":88695,"hostname":"Brunos-MacBook-Air.local","name":"browser-automation","dbPath":"/Users/brunoclaw/.openclaw/browser-automation/store.db","msg":"store initialized"}
{"level":30,"time":"2026-02-28T04:34:44.293Z","pid":88695,"hostname":"Brunos-MacBook-Air.local","name":"browser-automation","toolCount":26,"version":"0.4.1","msg":"browser automation skill initialized"}
{"level":30,"time":"2026-02-28T04:38:23.127Z","pid":88695,"hostname":"Brunos-MacBook-Air.local","name":"browser-automation","msg":"shutting down browser automation skill"}
{"level":30,"time":"2026-02-28T04:38:23.129Z","pid":88695,"hostname":"Brunos-MacBook-Air.local","name":"browser-automation","msg":"shutting down browser pool"}
{"level":30,"time":"2026-02-28T04:38:23.129Z","pid":88695,"hostname":"Brunos-MacBook-Air.local","name":"browser-automation","msg":"browser pool shut down"}
{"level":30,"time":"2026-02-28T04:38:23.130Z","pid":88695,"hostname":"Brunos-MacBook-Air.local","name":"browser-automation","msg":"store closed"}
{"level":30,"time":"2026-02-28T04:38:23.130Z","pid":88695,"hostname":"Brunos-MacBook-Air.local","name":"browser-automation","msg":"browser automation skill shut down"}
{"level":30,"time":"2026-02-28T04:38:23.337Z","pid":88695,"hostname":"Brunos-MacBook-Air.local","name":"browser-automation","dbPath":"/Users/brunoclaw/.openclaw/browser-automation/store.db","msg":"store initialized"}
{"level":30,"time":"2026-02-28T04:38:23.338Z","pid":88695,"hostname":"Brunos-MacBook-Air.local","name":"browser-automation","toolCount":26,"version":"0.4.1","msg":"browser automation skill initialized"}
{"level":30,"time":"2026-02-28T04:53:15.849Z","pid":88695,"hostname":"Brunos-MacBook-Air.local","name":"browser-automation","msg":"shutting down browser automation skill"}
{"level":30,"time":"2026-02-28T04:53:15.851Z","pid":88695,"hostname":"Brunos-MacBook-Air.local","name":"browser-automation","msg":"shutting down browser pool"}
{"level":30,"time":"2026-02-28T04:53:15.851Z","pid":88695,"hostname":"Brunos-MacBook-Air.local","name":"browser-automation","msg":"browser pool shut down"}
{"level":30,"time":"2026-02-28T04:53:15.852Z","pid":88695,"hostname":"Brunos-MacBook-Air.local","name":"browser-automation","msg":"store closed"}
{"level":30,"time":"2026-02-28T04:53:15.852Z","pid":88695,"hostname":"Brunos-MacBook-Air.local","name":"browser-automation","msg":"browser automation skill shut down"}
{"level":30,"time":"2026-02-28T04:53:17.410Z","pid":5297,"hostname":"Brunos-MacBook-Air.local","name":"browser-automation","dbPath":"/Users/brunoclaw/.openclaw/browser-automation/store.db","msg":"store initialized"}
{"level":30,"time":"2026-02-28T04:53:17.411Z","pid":5297,"hostname":"Brunos-MacBook-Air.local","name":"browser-automation","toolCount":26,"version":"0.4.1","msg":"browser automation skill initialized"}
{"level":30,"time":"2026-02-28T04:53:20.317Z","pid":5297,"hostname":"Brunos-MacBook-Air.local","name":"browser-automation","msg":"shutting down browser automation skill"}
{"level":30,"time":"2026-02-28T04:53:20.318Z","pid":5297,"hostname":"Brunos-MacBook-Air.local","name":"browser-automation","msg":"shutting down browser pool"}
{"level":30,"time":"2026-02-28T04:53:20.318Z","pid":5297,"hostname":"Brunos-MacBook-Air.local","name":"browser-automation","msg":"browser pool shut down"}
{"level":30,"time":"2026-02-28T04:53:20.319Z","pid":5297,"hostname":"Brunos-MacBook-Air.local","name":"browser-automation","msg":"store closed"}
{"level":30,"time":"2026-02-28T04:53:20.319Z","pid":5297,"hostname":"Brunos-MacBook-Air.local","name":"browser-automation","msg":"browser automation skill shut down"}
{"level":30,"time":"2026-02-28T04:53:31.898Z","pid":5344,"hostname":"Brunos-MacBook-Air.local","name":"browser-automation","dbPath":"/Users/brunoclaw/.openclaw/browser-automation/store.db","msg":"store initialized"}
{"level":30,"time":"2026-02-28T04:53:31.899Z","pid":5344,"hostname":"Brunos-MacBook-Air.local","name":"browser-automation","toolCount":26,"version":"0.4.1","msg":"browser automation skill initialized"}
{"level":30,"time":"2026-02-28T04:53:33.634Z","pid":5344,"hostname":"Brunos-MacBook-Air.local","name":"browser-automation","msg":"shutting down browser automation skill"}
{"level":30,"time":"2026-02-28T04:53:33.636Z","pid":5344,"hostname":"Brunos-MacBook-Air.local","name":"browser-automation","msg":"shutting down browser pool"}
{"level":30,"time":"2026-02-28T04:53:33.636Z","pid":5344,"hostname":"Brunos-MacBook-Air.local","name":"browser-automation","msg":"browser pool shut down"}
{"level":30,"time":"2026-02-28T04:53:33.637Z","pid":5344,"hostname":"Brunos-MacBook-Air.local","name":"browser-automation","msg":"store closed"}
{"level":30,"time":"2026-02-28T04:53:33.637Z","pid":5344,"hostname":"Brunos-MacBook-Air.local","name":"browser-automation","msg":"browser automation skill shut down"}
{"level":30,"time":"2026-02-28T04:53:42.220Z","pid":5400,"hostname":"Brunos-MacBook-Air.local","name":"browser-automation","dbPath":"/Users/brunoclaw/.openclaw/browser-automation/store.db","msg":"store initialized"}
{"level":30,"time":"2026-02-28T04:53:42.221Z","pid":5400,"hostname":"Brunos-MacBook-Air.local","name":"browser-automation","toolCount":26,"version":"0.4.1","msg":"browser automation skill initialized"}
{"level":30,"time":"2026-02-28T04:54:05.502Z","pid":5400,"hostname":"Brunos-MacBook-Air.local","name":"browser-automation","msg":"shutting down browser automation skill"}
{"level":30,"time":"2026-02-28T04:54:05.503Z","pid":5400,"hostname":"Brunos-MacBook-Air.local","name":"browser-automation","msg":"shutting down browser pool"}
{"level":30,"time":"2026-02-28T04:54:05.503Z","pid":5400,"hostname":"Brunos-MacBook-Air.local","name":"browser-automation","msg":"browser pool shut down"}
{"level":30,"time":"2026-02-28T04:54:05.504Z","pid":5400,"hostname":"Brunos-MacBook-Air.local","name":"browser-automation","msg":"store closed"}
{"level":30,"time":"2026-02-28T04:54:05.504Z","pid":5400,"hostname":"Brunos-MacBook-Air.local","name":"browser-automation","msg":"browser automation skill shut down"}
{"level":30,"time":"2026-02-28T04:55:44.808Z","pid":6539,"hostname":"Brunos-MacBook-Air.local","name":"browser-automation","dbPath":"/Users/brunoclaw/.openclaw/browser-automation/store.db","msg":"store initialized"}
{"level":30,"time":"2026-02-28T04:55:44.809Z","pid":6539,"hostname":"Brunos-MacBook-Air.local","name":"browser-automation","toolCount":26,"version":"0.4.1","msg":"browser automation skill initialized"}
{"level":30,"time":"2026-02-28T04:56:08.318Z","pid":6539,"hostname":"Brunos-MacBook-Air.local","name":"browser-automation","msg":"shutting down browser automation skill"}
{"level":30,"time":"2026-02-28T04:56:08.319Z","pid":6539,"hostname":"Brunos-MacBook-Air.local","name":"browser-automation","msg":"shutting down browser pool"}
{"level":30,"time":"2026-02-28T04:56:08.319Z","pid":6539,"hostname":"Brunos-MacBook-Air.local","name":"browser-automation","msg":"browser pool shut down"}
{"level":30,"time":"2026-02-28T04:56:08.320Z","pid":6539,"hostname":"Brunos-MacBook-Air.local","name":"browser-automation","msg":"store closed"}
{"level":30,"time":"2026-02-28T04:56:08.320Z","pid":6539,"hostname":"Brunos-MacBook-Air.local","name":"browser-automation","msg":"browser automation skill shut down"}
{"level":30,"time":"2026-02-28T05:29:58.060Z","pid":9467,"hostname":"Brunos-MacBook-Air.local","name":"browser-automation","from":0,"to":1,"msg":"running database migrations"}
{"level":30,"time":"2026-02-28T05:29:58.060Z","pid":9467,"hostname":"Brunos-MacBook-Air.local","name":"browser-automation","version":1,"msg":"migration applied"}
{"level":30,"time":"2026-02-28T05:29:58.061Z","pid":9467,"hostname":"Brunos-MacBook-Air.local","name":"browser-automation","dbPath":"/var/folders/pd/5fyv8mtn37b0p3fmf90b243h0000gn/T/claw-integ-skill-NiXUzK/skill.db","msg":"store initialized"}
{"level":30,"time":"2026-02-28T05:29:58.063Z","pid":9467,"hostname":"Brunos-MacBook-Air.local","name":"browser-automation","toolCount":26,"version":"0.4.1","msg":"browser automation skill initialized"}
{"level":30,"time":"2026-02-28T05:29:58.063Z","pid":9467,"hostname":"Brunos-MacBook-Air.local","name":"browser-automation","msg":"launching browser"}
{"level":30,"time":"2026-02-28T05:29:58.160Z","pid":9467,"hostname":"Brunos-MacBook-Air.local","name":"browser-automation","msg":"browser launched"}
{"level":30,"time":"2026-02-28T05:29:58.193Z","pid":9467,"hostname":"Brunos-MacBook-Air.local","name":"browser-automation","sessionId":"5H0wDPj-Ioxv","msg":"session acquired"}
{"level":40,"time":"2026-02-28T05:29:58.500Z","pid":9467,"hostname":"Brunos-MacBook-Air.local","name":"browser-automation","sessionId":"5H0wDPj-Ioxv","msg":"failed to capture localStorage (page may be on about:blank)"}
{"level":30,"time":"2026-02-28T05:29:58.500Z","pid":9467,"hostname":"Brunos-MacBook-Air.local","name":"browser-automation","sessionId":"5H0wDPj-Ioxv","msg":"closing session"}
{"level":30,"time":"2026-02-28T05:29:58.502Z","pid":9467,"hostname":"Brunos-MacBook-Air.local","name":"browser-automation","sessionId":"5H0wDPj-Ioxv","msg":"session released"}
{"level":30,"time":"2026-02-28T05:29:58.503Z","pid":9467,"hostname":"Brunos-MacBook-Air.local","name":"browser-automation","msg":"shutting down browser automation skill"}
{"level":30,"time":"2026-02-28T05:29:58.503Z","pid":9467,"hostname":"Brunos-MacBook-Air.local","name":"browser-automation","msg":"shutting down browser pool"}
{"level":40,"time":"2026-02-28T05:29:58.505Z","pid":9467,"hostname":"Brunos-MacBook-Air.local","name":"browser-automation","msg":"browser disconnected"}
{"level":30,"time":"2026-02-28T05:29:58.514Z","pid":9467,"hostname":"Brunos-MacBook-Air.local","name":"browser-automation","msg":"browser pool shut down"}
{"level":30,"time":"2026-02-28T05:29:58.515Z","pid":9467,"hostname":"Brunos-MacBook-Air.local","name":"browser-automation","msg":"store closed"}
{"level":30,"time":"2026-02-28T05:29:58.515Z","pid":9467,"hostname":"Brunos-MacBook-Air.local","name":"browser-automation","msg":"browser automation skill shut down"}
{"level":30,"time":"2026-02-28T05:29:58.518Z","pid":9467,"hostname":"Brunos-MacBook-Air.local","name":"browser-automation","from":0,"to":1,"msg":"running database migrations"}
{"level":30,"time":"2026-02-28T05:29:58.518Z","pid":9467,"hostname":"Brunos-MacBook-Air.local","name":"browser-automation","version":1,"msg":"migration applied"}
{"level":30,"time":"2026-02-28T05:29:58.518Z","pid":9467,"hostname":"Brunos-MacBook-Air.local","name":"browser-automation","dbPath":"/var/folders/pd/5fyv8mtn37b0p3fmf90b243h0000gn/T/claw-artifacts-startup-JqW9VD/startup.db","msg":"store initialized"}
{"level":30,"time":"2026-02-28T05:29:58.519Z","pid":9467,"hostname":"Brunos-MacBook-Air.local","name":"browser-automation","sessionId":"sess-old","msg":"artifacts deleted"}
{"level":30,"time":"2026-02-28T05:29:58.519Z","pid":9467,"hostname":"Brunos-MacBook-Air.local","name":"browser-automation","removed":1,"remaining":2,"msg":"artifact retention enforced"}
{"level":30,"time":"2026-02-28T05:29:58.519Z","pid":9467,"hostname":"Brunos-MacBook-Air.local","name":"browser-automation","removed":1,"msg":"artifact retention enforced during startup"}
{"level":30,"time":"2026-02-28T05:29:58.519Z","pid":9467,"hostname":"Brunos-MacBook-Air.local","name":"browser-automation","toolCount":26,"version":"0.4.1","msg":"browser automation skill initialized"}
{"level":30,"time":"2026-02-28T05:29:58.519Z","pid":9467,"hostname":"Brunos-MacBook-Air.local","name":"browser-automation","msg":"shutting down browser automation skill"}
{"level":30,"time":"2026-02-28T05:29:58.519Z","pid":9467,"hostname":"Brunos-MacBook-Air.local","name":"browser-automation","msg":"shutting down browser pool"}
{"level":30,"time":"2026-02-28T05:29:58.519Z","pid":9467,"hostname":"Brunos-MacBook-Air.local","name":"browser-automation","msg":"browser pool shut down"}
{"level":30,"time":"2026-02-28T05:29:58.520Z","pid":9467,"hostname":"Brunos-MacBook-Air.local","name":"browser-automation","msg":"store closed"}
{"level":30,"time":"2026-02-28T05:29:58.520Z","pid":9467,"hostname":"Brunos-MacBook-Air.local","name":"browser-automation","msg":"browser automation skill shut down"}
{"level":30,"time":"2026-02-28T05:29:58.522Z","pid":9467,"hostname":"Brunos-MacBook-Air.local","name":"browser-automation","from":0,"to":1,"msg":"running database migrations"}
{"level":30,"time":"2026-02-28T05:29:58.522Z","pid":9467,"hostname":"Brunos-MacBook-Air.local","name":"browser-automation","version":1,"msg":"migration applied"}
{"level":30,"time":"2026-02-28T05:29:58.522Z","pid":9467,"hostname":"Brunos-MacBook-Air.local","name":"browser-automation","dbPath":"/var/folders/pd/5fyv8mtn37b0p3fmf90b243h0000gn/T/claw-artifacts-shutdown-XSAsJu/shutdown.db","msg":"store initialized"}
{"level":30,"time":"2026-02-28T05:29:58.522Z","pid":9467,"hostname":"Brunos-MacBook-Air.local","name":"browser-automation","toolCount":26,"version":"0.4.1","msg":"browser automation skill initialized"}
{"level":30,"time":"2026-02-28T05:29:58.523Z","pid":9467,"hostname":"Brunos-MacBook-Air.local","name":"browser-automation","msg":"shutting down browser automation skill"}
{"level":30,"time":"2026-02-28T05:29:58.523Z","pid":9467,"hostname":"Brunos-MacBook-Air.local","name":"browser-automation","sessionId":"sess-old","msg":"artifacts deleted"}
{"level":30,"time":"2026-02-28T05:29:58.523Z","pid":9467,"hostname":"Brunos-MacBook-Air.local","name":"browser-automation","removed":1,"remaining":2,"msg":"artifact retention enforced"}
{"level":30,"time":"2026-02-28T05:29:58.523Z","pid":9467,"hostname":"Brunos-MacBook-Air.local","name":"browser-automation","removed":1,"msg":"artifact retention enforced during shutdown"}
{"level":30,"time":"2026-02-28T05:29:58.523Z","pid":9467,"hostname":"Brunos-MacBook-Air.local","name":"browser-automation","msg":"shutting down browser pool"}
{"level":30,"time":"2026-02-28T05:29:58.523Z","pid":9467,"hostname":"Brunos-MacBook-Air.local","name":"browser-automation","msg":"browser pool shut down"}
{"level":30,"time":"2026-02-28T05:29:58.523Z","pid":9467,"hostname":"Brunos-MacBook-Air.local","name":"browser-automation","msg":"store closed"}
{"level":30,"time":"2026-02-28T05:29:58.523Z","pid":9467,"hostname":"Brunos-MacBook-Air.local","name":"browser-automation","msg":"browser automation skill shut down"}
{"level":30,"time":"2026-02-28T05:46:13.902Z","pid":11426,"hostname":"Brunos-MacBook-Air.local","name":"browser-automation","dbPath":"/Users/brunoclaw/.openclaw/browser-automation/store.db","msg":"store initialized"}
{"level":30,"time":"2026-02-28T05:46:13.908Z","pid":11426,"hostname":"Brunos-MacBook-Air.local","name":"browser-automation","toolCount":26,"version":"0.4.1","msg":"browser automation skill initialized"}
{"level":30,"time":"2026-02-28T06:17:19.380Z","pid":12012,"hostname":"Brunos-MacBook-Air.local","name":"browser-automation","from":0,"to":1,"msg":"running database migrations"}
{"level":30,"time":"2026-02-28T06:17:19.381Z","pid":12012,"hostname":"Brunos-MacBook-Air.local","name":"browser-automation","version":1,"msg":"migration applied"}
{"level":30,"time":"2026-02-28T06:17:19.381Z","pid":12012,"hostname":"Brunos-MacBook-Air.local","name":"browser-automation","dbPath":"/var/folders/pd/5fyv8mtn37b0p3fmf90b243h0000gn/T/claw-integ-skill-PXax5t/skill.db","msg":"store initialized"}
{"level":30,"time":"2026-02-28T06:17:19.383Z","pid":12012,"hostname":"Brunos-MacBook-Air.local","name":"browser-automation","toolCount":28,"version":"0.4.1","msg":"browser automation skill initialized"}
{"level":30,"time":"2026-02-28T06:17:19.383Z","pid":12012,"hostname":"Brunos-MacBook-Air.local","name":"browser-automation","msg":"launching browser"}
{"level":30,"time":"2026-02-28T06:17:19.478Z","pid":12012,"hostname":"Brunos-MacBook-Air.local","name":"browser-automation","msg":"browser launched"}
{"level":30,"time":"2026-02-28T06:17:19.513Z","pid":12012,"hostname":"Brunos-MacBook-Air.local","name":"browser-automation","sessionId":"cJe-xd1tguJB","msg":"session acquired"}
{"level":40,"time":"2026-02-28T06:17:19.827Z","pid":12012,"hostname":"Brunos-MacBook-Air.local","name":"browser-automation","sessionId":"cJe-xd1tguJB","msg":"failed to capture localStorage (page may be on about:blank)"}
{"level":30,"time":"2026-02-28T06:17:19.828Z","pid":12012,"hostname":"Brunos-MacBook-Air.local","name":"browser-automation","sessionId":"cJe-xd1tguJB","msg":"closing session"}
{"level":30,"time":"2026-02-28T06:17:19.830Z","pid":12012,"hostname":"Brunos-MacBook-Air.local","name":"browser-automation","sessionId":"cJe-xd1tguJB","msg":"session released"}
{"level":30,"time":"2026-02-28T06:17:19.830Z","pid":12012,"hostname":"Brunos-MacBook-Air.local","name":"browser-automation","msg":"shutting down browser automation skill"}
{"level":30,"time":"2026-02-28T06:17:19.831Z","pid":12012,"hostname":"Brunos-MacBook-Air.local","name":"browser-automation","msg":"shutting down browser pool"}
{"level":40,"time":"2026-02-28T06:17:19.832Z","pid":12012,"hostname":"Brunos-MacBook-Air.local","name":"browser-automation","msg":"browser disconnected"}
{"level":30,"time":"2026-02-28T06:17:19.842Z","pid":12012,"hostname":"Brunos-MacBook-Air.local","name":"browser-automation","msg":"browser pool shut down"}
{"level":30,"time":"2026-02-28T06:17:19.842Z","pid":12012,"hostname":"Brunos-MacBook-Air.local","name":"browser-automation","msg":"store closed"}
{"level":30,"time":"2026-02-28T06:17:19.842Z","pid":12012,"hostname":"Brunos-MacBook-Air.local","name":"browser-automation","msg":"browser automation skill shut down"}
{"level":30,"time":"2026-02-28T06:17:19.845Z","pid":12012,"hostname":"Brunos-MacBook-Air.local","name":"browser-automation","from":0,"to":1,"msg":"running database migrations"}
{"level":30,"time":"2026-02-28T06:17:19.845Z","pid":12012,"hostname":"Brunos-MacBook-Air.local","name":"browser-automation","version":1,"msg":"migration applied"}
{"level":30,"time":"2026-02-28T06:17:19.845Z","pid":12012,"hostname":"Brunos-MacBook-Air.local","name":"browser-automation","dbPath":"/var/folders/pd/5fyv8mtn37b0p3fmf90b243h0000gn/T/claw-artifacts-startup-mLgiti/startup.db","msg":"store initialized"}
{"level":30,"time":"2026-02-28T06:17:19.845Z","pid":12012,"hostname":"Brunos-MacBook-Air.local","name":"browser-automation","sessionId":"sess-old","msg":"artifacts deleted"}
{"level":30,"time":"2026-02-28T06:17:19.846Z","pid":12012,"hostname":"Brunos-MacBook-Air.local","name":"browser-automation","removed":1,"remaining":2,"msg":"artifact retention enforced"}
{"level":30,"time":"2026-02-28T06:17:19.846Z","pid":12012,"hostname":"Brunos-MacBook-Air.local","name":"browser-automation","removed":1,"msg":"artifact retention enforced during startup"}
{"level":30,"time":"2026-02-28T06:17:19.846Z","pid":12012,"hostname":"Brunos-MacBook-Air.local","name":"browser-automation","toolCount":28,"version":"0.4.1","msg":"browser automation skill initialized"}
{"level":30,"time":"2026-02-28T06:17:19.846Z","pid":12012,"hostname":"Brunos-MacBook-Air.local","name":"browser-automation","msg":"shutting down browser automation skill"}
{"level":30,"time":"2026-02-28T06:17:19.846Z","pid":12012,"hostname":"Brunos-MacBook-Air.local","name":"browser-automation","msg":"shutting down browser pool"}
{"level":30,"time":"2026-02-28T06:17:19.846Z","pid":12012,"hostname":"Brunos-MacBook-Air.local","name":"browser-automation","msg":"browser pool shut down"}
{"level":30,"time":"2026-02-28T06:17:19.847Z","pid":12012,"hostname":"Brunos-MacBook-Air.local","name":"browser-automation","msg":"store closed"}
{"level":30,"time":"2026-02-28T06:17:19.847Z","pid":12012,"hostname":"Brunos-MacBook-Air.local","name":"browser-automation","msg":"browser automation skill shut down"}
{"level":30,"time":"2026-02-28T06:17:19.849Z","pid":12012,"hostname":"Brunos-MacBook-Air.local","name":"browser-automation","from":0,"to":1,"msg":"running database migrations"}
{"level":30,"time":"2026-02-28T06:17:19.849Z","pid":12012,"hostname":"Brunos-MacBook-Air.local","name":"browser-automation","version":1,"msg":"migration applied"}
{"level":30,"time":"2026-02-28T06:17:19.849Z","pid":12012,"hostname":"Brunos-MacBook-Air.local","name":"browser-automation","dbPath":"/var/folders/pd/5fyv8mtn37b0p3fmf90b243h0000gn/T/claw-artifacts-shutdown-F5yKGl/shutdown.db","msg":"store initialized"}
{"level":30,"time":"2026-02-28T06:17:19.849Z","pid":12012,"hostname":"Brunos-MacBook-Air.local","name":"browser-automation","toolCount":28,"version":"0.4.1","msg":"browser automation skill initialized"}
{"level":30,"time":"2026-02-28T06:17:19.850Z","pid":12012,"hostname":"Brunos-MacBook-Air.local","name":"browser-automation","msg":"shutting down browser automation skill"}
{"level":30,"time":"2026-02-28T06:17:19.850Z","pid":12012,"hostname":"Brunos-MacBook-Air.local","name":"browser-automation","sessionId":"sess-old","msg":"artifacts deleted"}
{"level":30,"time":"2026-02-28T06:17:19.850Z","pid":12012,"hostname":"Brunos-MacBook-Air.local","name":"browser-automation","removed":1,"remaining":2,"msg":"artifact retention enforced"}
{"level":30,"time":"2026-02-28T06:17:19.850Z","pid":12012,"hostname":"Brunos-MacBook-Air.local","name":"browser-automation","removed":1,"msg":"artifact retention enforced during shutdown"}
{"level":30,"time":"2026-02-28T06:17:19.850Z","pid":12012,"hostname":"Brunos-MacBook-Air.local","name":"browser-automation","msg":"shutting down browser pool"}
{"level":30,"time":"2026-02-28T06:17:19.850Z","pid":12012,"hostname":"Brunos-MacBook-Air.local","name":"browser-automation","msg":"browser pool shut down"}
{"level":30,"time":"2026-02-28T06:17:19.850Z","pid":12012,"hostname":"Brunos-MacBook-Air.local","name":"browser-automation","msg":"store closed"}
{"level":30,"time":"2026-02-28T06:17:19.850Z","pid":12012,"hostname":"Brunos-MacBook-Air.local","name":"browser-automation","msg":"browser automation skill shut down"}
{"level":30,"time":"2026-02-28T06:18:12.593Z","pid":12816,"hostname":"Brunos-MacBook-Air.local","name":"browser-automation","from":0,"to":1,"msg":"running database migrations"}
{"level":30,"time":"2026-02-28T06:18:12.594Z","pid":12816,"hostname":"Brunos-MacBook-Air.local","name":"browser-automation","version":1,"msg":"migration applied"}
{"level":30,"time":"2026-02-28T06:18:12.594Z","pid":12816,"hostname":"Brunos-MacBook-Air.local","name":"browser-automation","dbPath":"/var/folders/pd/5fyv8mtn37b0p3fmf90b243h0000gn/T/claw-integ-skill-SA9viL/skill.db","msg":"store initialized"}
{"level":30,"time":"2026-02-28T06:18:12.597Z","pid":12816,"hostname":"Brunos-MacBook-Air.local","name":"browser-automation","toolCount":28,"version":"0.4.3","msg":"browser automation skill initialized"}
{"level":30,"time":"2026-02-28T06:18:12.597Z","pid":12816,"hostname":"Brunos-MacBook-Air.local","name":"browser-automation","msg":"launching browser"}
{"level":30,"time":"2026-02-28T06:18:12.697Z","pid":12816,"hostname":"Brunos-MacBook-Air.local","name":"browser-automation","msg":"browser launched"}
{"level":30,"time":"2026-02-28T06:18:12.731Z","pid":12816,"hostname":"Brunos-MacBook-Air.local","name":"browser-automation","sessionId":"ePjiMP3iLxcP","msg":"session acquired"}
{"level":40,"time":"2026-02-28T06:18:13.186Z","pid":12816,"hostname":"Brunos-MacBook-Air.local","name":"browser-automation","sessionId":"ePjiMP3iLxcP","msg":"failed to capture localStorage (page may be on about:blank)"}
{"level":30,"time":"2026-02-28T06:18:13.186Z","pid":12816,"hostname":"Brunos-MacBook-Air.local","name":"browser-automation","sessionId":"ePjiMP3iLxcP","msg":"closing session"}
{"level":30,"time":"2026-02-28T06:18:13.189Z","pid":12816,"hostname":"Brunos-MacBook-Air.local","name":"browser-automation","sessionId":"ePjiMP3iLxcP","msg":"session released"}
{"level":30,"time":"2026-02-28T06:18:13.189Z","pid":12816,"hostname":"Brunos-MacBook-Air.local","name":"browser-automation","msg":"shutting down browser automation skill"}
{"level":30,"time":"2026-02-28T06:18:13.189Z","pid":12816,"hostname":"Brunos-MacBook-Air.local","name":"browser-automation","msg":"shutting down browser pool"}
{"level":40,"time":"2026-02-28T06:18:13.191Z","pid":12816,"hostname":"Brunos-MacBook-Air.local","name":"browser-automation","msg":"browser disconnected"}
{"level":30,"time":"2026-02-28T06:18:13.204Z","pid":12816,"hostname":"Brunos-MacBook-Air.local","name":"browser-automation","msg":"browser pool shut down"}
{"level":30,"time":"2026-02-28T06:18:13.205Z","pid":12816,"hostname":"Brunos-MacBook-Air.local","name":"browser-automation","msg":"store closed"}
{"level":30,"time":"2026-02-28T06:18:13.205Z","pid":12816,"hostname":"Brunos-MacBook-Air.local","name":"browser-automation","msg":"browser automation skill shut down"}
{"level":30,"time":"2026-02-28T06:18:13.208Z","pid":12816,"hostname":"Brunos-MacBook-Air.local","name":"browser-automation","from":0,"to":1,"msg":"running database migrations"}
{"level":30,"time":"2026-02-28T06:18:13.208Z","pid":12816,"hostname":"Brunos-MacBook-Air.local","name":"browser-automation","version":1,"msg":"migration applied"}
{"level":30,"time":"2026-02-28T06:18:13.208Z","pid":12816,"hostname":"Brunos-MacBook-Air.local","name":"browser-automation","dbPath":"/var/folders/pd/5fyv8mtn37b0p3fmf90b243h0000gn/T/claw-artifacts-startup-dOFdCB/startup.db","msg":"store initialized"}
{"level":30,"time":"2026-02-28T06:18:13.208Z","pid":12816,"hostname":"Brunos-MacBook-Air.local","name":"browser-automation","sessionId":"sess-old","msg":"artifacts deleted"}
{"level":30,"time":"2026-02-28T06:18:13.208Z","pid":12816,"hostname":"Brunos-MacBook-Air.local","name":"browser-automation","removed":1,"remaining":2,"msg":"artifact retention enforced"}
{"level":30,"time":"2026-02-28T06:18:13.208Z","pid":12816,"hostname":"Brunos-MacBook-Air.local","name":"browser-automation","removed":1,"msg":"artifact retention enforced during startup"}
{"level":30,"time":"2026-02-28T06:18:13.209Z","pid":12816,"hostname":"Brunos-MacBook-Air.local","name":"browser-automation","toolCount":28,"version":"0.4.3","msg":"browser automation skill initialized"}
{"level":30,"time":"2026-02-28T06:18:13.209Z","pid":12816,"hostname":"Brunos-MacBook-Air.local","name":"browser-automation","msg":"shutting down browser automation skill"}
{"level":30,"time":"2026-02-28T06:18:13.209Z","pid":12816,"hostname":"Brunos-MacBook-Air.local","name":"browser-automation","msg":"shutting down browser pool"}
{"level":30,"time":"2026-02-28T06:18:13.209Z","pid":12816,"hostname":"Brunos-MacBook-Air.local","name":"browser-automation","msg":"browser pool shut down"}
{"level":30,"time":"2026-02-28T06:18:13.210Z","pid":12816,"hostname":"Brunos-MacBook-Air.local","name":"browser-automation","msg":"store closed"}
{"level":30,"time":"2026-02-28T06:18:13.210Z","pid":12816,"hostname":"Brunos-MacBook-Air.local","name":"browser-automation","msg":"browser automation skill shut down"}
{"level":30,"time":"2026-02-28T06:18:13.212Z","pid":12816,"hostname":"Brunos-MacBook-Air.local","name":"browser-automation","from":0,"to":1,"msg":"running database migrations"}
{"level":30,"time":"2026-02-28T06:18:13.212Z","pid":12816,"hostname":"Brunos-MacBook-Air.local","name":"browser-automation","version":1,"msg":"migration applied"}
{"level":30,"time":"2026-02-28T06:18:13.212Z","pid":12816,"hostname":"Brunos-MacBook-Air.local","name":"browser-automation","dbPath":"/var/folders/pd/5fyv8mtn37b0p3fmf90b243h0000gn/T/claw-artifacts-shutdown-iv1aYF/shutdown.db","msg":"store initialized"}
{"level":30,"time":"2026-02-28T06:18:13.212Z","pid":12816,"hostname":"Brunos-MacBook-Air.local","name":"browser-automation","toolCount":28,"version":"0.4.3","msg":"browser automation skill initialized"}
{"level":30,"time":"2026-02-28T06:18:13.213Z","pid":12816,"hostname":"Brunos-MacBook-Air.local","name":"browser-automation","msg":"shutting down browser automation skill"}
{"level":30,"time":"2026-02-28T06:18:13.213Z","pid":12816,"hostname":"Brunos-MacBook-Air.local","name":"browser-automation","sessionId":"sess-old","msg":"artifacts deleted"}
{"level":30,"time":"2026-02-28T06:18:13.213Z","pid":12816,"hostname":"Brunos-MacBook-Air.local","name":"browser-automation","removed":1,"remaining":2,"msg":"artifact retention enforced"}
{"level":30,"time":"2026-02-28T06:18:13.213Z","pid":12816,"hostname":"Brunos-MacBook-Air.local","name":"browser-automation","removed":1,"msg":"artifact retention enforced during shutdown"}
{"level":30,"time":"2026-02-28T06:18:13.213Z","pid":12816,"hostname":"Brunos-MacBook-Air.local","name":"browser-automation","msg":"shutting down browser pool"}
{"level":30,"time":"2026-02-28T06:18:13.213Z","pid":12816,"hostname":"Brunos-MacBook-Air.local","name":"browser-automation","msg":"browser pool shut down"}
{"level":30,"time":"2026-02-28T06:18:13.214Z","pid":12816,"hostname":"Brunos-MacBook-Air.local","name":"browser-automation","msg":"store closed"}
{"level":30,"time":"2026-02-28T06:18:13.214Z","pid":12816,"hostname":"Brunos-MacBook-Air.local","name":"browser-automation","msg":"browser automation skill shut down"}
{"level":30,"time":"2026-02-28T06:25:20.187Z","pid":11426,"hostname":"Brunos-MacBook-Air.local","name":"browser-automation","msg":"shutting down browser automation skill"}
{"level":30,"time":"2026-02-28T06:25:20.191Z","pid":11426,"hostname":"Brunos-MacBook-Air.local","name":"browser-automation","msg":"shutting down browser pool"}
{"level":30,"time":"2026-02-28T06:25:20.191Z","pid":11426,"hostname":"Brunos-MacBook-Air.local","name":"browser-automation","msg":"browser pool shut down"}
{"level":30,"time":"2026-02-28T06:25:20.192Z","pid":11426,"hostname":"Brunos-MacBook-Air.local","name":"browser-automation","msg":"store closed"}
{"level":30,"time":"2026-02-28T06:25:20.192Z","pid":11426,"hostname":"Brunos-MacBook-Air.local","name":"browser-automation","msg":"browser automation skill shut down"}
{"level":30,"time":"2026-02-28T06:26:24.142Z","pid":14156,"hostname":"Brunos-MacBook-Air.local","name":"browser-automation","dbPath":"/Users/brunoclaw/.openclaw/browser-automation/store.db","msg":"store initialized"}
{"level":30,"time":"2026-02-28T06:26:24.143Z","pid":14156,"hostname":"Brunos-MacBook-Air.local","name":"browser-automation","toolCount":28,"version":"0.4.3","msg":"browser automation skill initialized"}
{"level":30,"time":"2026-02-28T06:27:20.563Z","pid":14156,"hostname":"Brunos-MacBook-Air.local","name":"browser-automation","msg":"shutting down browser automation skill"}
{"level":30,"time":"2026-02-28T06:27:20.564Z","pid":14156,"hostname":"Brunos-MacBook-Air.local","name":"browser-automation","msg":"shutting down browser pool"}
{"level":30,"time":"2026-02-28T06:27:20.564Z","pid":14156,"hostname":"Brunos-MacBook-Air.local","name":"browser-automation","msg":"browser pool shut down"}
{"level":30,"time":"2026-02-28T06:27:20.564Z","pid":14156,"hostname":"Brunos-MacBook-Air.local","name":"browser-automation","msg":"store closed"}
{"level":30,"time":"2026-02-28T06:27:20.564Z","pid":14156,"hostname":"Brunos-MacBook-Air.local","name":"browser-automation","msg":"browser automation skill shut down"}
{"level":30,"time":"2026-02-28T06:28:23.748Z","pid":14376,"hostname":"Brunos-MacBook-Air.local","name":"browser-automation","dbPath":"/Users/brunoclaw/.openclaw/browser-automation/store.db","msg":"store initialized"}
{"level":30,"time":"2026-02-28T06:28:23.754Z","pid":14376,"hostname":"Brunos-MacBook-Air.local","name":"browser-automation","toolCount":28,"version":"0.4.3","msg":"browser automation skill initialized"}
{"level":30,"time":"2026-02-28T07:51:08.503Z","pid":14376,"hostname":"Brunos-MacBook-Air.local","name":"browser-automation","msg":"shutting down browser automation skill"}
{"level":30,"time":"2026-02-28T07:51:08.504Z","pid":14376,"hostname":"Brunos-MacBook-Air.local","name":"browser-automation","msg":"shutting down browser pool"}
{"level":30,"time":"2026-02-28T07:51:08.504Z","pid":14376,"hostname":"Brunos-MacBook-Air.local","name":"browser-automation","msg":"browser pool shut down"}
{"level":30,"time":"2026-02-28T07:51:08.504Z","pid":14376,"hostname":"Brunos-MacBook-Air.local","name":"browser-automation","msg":"store closed"}
{"level":30,"time":"2026-02-28T07:51:08.504Z","pid":14376,"hostname":"Brunos-MacBook-Air.local","name":"browser-automation","msg":"browser automation skill shut down"}
{"level":30,"time":"2026-02-28T07:52:11.801Z","pid":15853,"hostname":"Brunos-MacBook-Air.local","name":"browser-automation","dbPath":"/Users/brunoclaw/.openclaw/browser-automation/store.db","msg":"store initialized"}
{"level":30,"time":"2026-02-28T07:52:11.803Z","pid":15853,"hostname":"Brunos-MacBook-Air.local","name":"browser-automation","toolCount":28,"version":"0.4.3","msg":"browser automation skill initialized"}
{"level":30,"time":"2026-02-28T10:03:03.611Z","pid":15853,"hostname":"Brunos-MacBook-Air.local","name":"browser-automation","msg":"launching browser"}
{"level":30,"time":"2026-02-28T10:03:04.047Z","pid":15853,"hostname":"Brunos-MacBook-Air.local","name":"browser-automation","msg":"browser launched"}
{"level":30,"time":"2026-02-28T10:03:05.150Z","pid":15853,"hostname":"Brunos-MacBook-Air.local","name":"browser-automation","sessionId":"4zq9QnNMIQsZ","url":"https://www.cebupacificair.com/","msg":"session acquired"}
{"level":30,"time":"2026-02-28T10:04:56.615Z","pid":15853,"hostname":"Brunos-MacBook-Air.local","name":"browser-automation","sessionId":"4zq9QnNMIQsZ","msg":"closing session"}
{"level":30,"time":"2026-02-28T10:04:56.625Z","pid":15853,"hostname":"Brunos-MacBook-Air.local","name":"browser-automation","sessionId":"4zq9QnNMIQsZ","msg":"session released"}
{"level":30,"time":"2026-02-28T10:04:57.861Z","pid":15853,"hostname":"Brunos-MacBook-Air.local","name":"browser-automation","sessionId":"1tSGxc20NVAt","url":"https://www.cebupacificair.com/","msg":"session acquired"}
{"level":30,"time":"2026-02-28T10:08:02.110Z","pid":15853,"hostname":"Brunos-MacBook-Air.local","name":"browser-automation","msg":"shutting down browser automation skill"}
{"level":30,"time":"2026-02-28T10:08:02.117Z","pid":15853,"hostname":"Brunos-MacBook-Air.local","name":"browser-automation","msg":"shutting down browser pool"}
{"level":30,"time":"2026-02-28T10:08:02.117Z","pid":15853,"hostname":"Brunos-MacBook-Air.local","name":"browser-automation","sessionId":"1tSGxc20NVAt","msg":"closing session"}
{"level":40,"time":"2026-02-28T10:08:02.126Z","pid":15853,"hostname":"Brunos-MacBook-Air.local","name":"browser-automation","msg":"browser disconnected"}
{"level":30,"time":"2026-02-28T10:08:02.152Z","pid":15853,"hostname":"Brunos-MacBook-Air.local","name":"browser-automation","msg":"browser pool shut down"}
{"level":30,"time":"2026-02-28T10:08:02.154Z","pid":15853,"hostname":"Brunos-MacBook-Air.local","name":"browser-automation","msg":"store closed"}
{"level":30,"time":"2026-02-28T10:08:02.154Z","pid":15853,"hostname":"Brunos-MacBook-Air.local","name":"browser-automation","msg":"browser automation skill shut down"}
{"level":30,"time":"2026-02-28T10:09:05.726Z","pid":17681,"hostname":"Brunos-MacBook-Air.local","name":"browser-automation","dbPath":"/Users/brunoclaw/.openclaw/browser-automation/store.db","msg":"store initialized"}
{"level":30,"time":"2026-02-28T10:09:05.733Z","pid":17681,"hostname":"Brunos-MacBook-Air.local","name":"browser-automation","toolCount":28,"version":"0.4.3","msg":"browser automation skill initialized"}
{"level":30,"time":"2026-02-28T10:09:58.517Z","pid":17681,"hostname":"Brunos-MacBook-Air.local","name":"browser-automation","channel":"chrome","msg":"launching browser"}
{"level":30,"time":"2026-02-28T10:09:59.062Z","pid":17681,"hostname":"Brunos-MacBook-Air.local","name":"browser-automation","msg":"browser launched"}
{"level":30,"time":"2026-02-28T10:10:00.611Z","pid":17681,"hostname":"Brunos-MacBook-Air.local","name":"browser-automation","sessionId":"AvL4sn9Bf-dV","url":"https://www.cebupacificair.com/","msg":"session acquired"}
{"level":30,"time":"2026-02-28T10:26:50.337Z","pid":17681,"hostname":"Brunos-MacBook-Air.local","name":"browser-automation","msg":"shutting down browser automation skill"}
{"level":30,"time":"2026-02-28T10:26:50.345Z","pid":17681,"hostname":"Brunos-MacBook-Air.local","name":"browser-automation","msg":"shutting down browser pool"}
{"level":30,"time":"2026-02-28T10:26:50.345Z","pid":17681,"hostname":"Brunos-MacBook-Air.local","name":"browser-automation","sessionId":"AvL4sn9Bf-dV","msg":"closing session"}
{"level":40,"time":"2026-02-28T10:26:50.375Z","pid":17681,"hostname":"Brunos-MacBook-Air.local","name":"browser-automation","msg":"browser disconnected"}
{"level":30,"time":"2026-02-28T10:26:50.410Z","pid":17681,"hostname":"Brunos-MacBook-Air.local","name":"browser-automation","msg":"browser pool shut down"}
{"level":30,"time":"2026-02-28T10:26:50.411Z","pid":17681,"hostname":"Brunos-MacBook-Air.local","name":"browser-automation","msg":"store closed"}
{"level":30,"time":"2026-02-28T10:26:50.411Z","pid":17681,"hostname":"Brunos-MacBook-Air.local","name":"browser-automation","msg":"browser automation skill shut down"}
{"level":30,"time":"2026-02-28T10:27:53.514Z","pid":18076,"hostname":"Brunos-MacBook-Air.local","name":"browser-automation","dbPath":"/Users/brunoclaw/.openclaw/browser-automation/store.db","msg":"store initialized"}
{"level":30,"time":"2026-02-28T10:27:53.523Z","pid":18076,"hostname":"Brunos-MacBook-Air.local","name":"browser-automation","toolCount":28,"version":"0.4.3","msg":"browser automation skill initialized"}
{"level":30,"time":"2026-02-28T10:32:44.273Z","pid":18076,"hostname":"Brunos-MacBook-Air.local","name":"browser-automation","channel":"chrome","msg":"launching browser"}
{"level":30,"time":"2026-02-28T10:32:44.714Z","pid":18076,"hostname":"Brunos-MacBook-Air.local","name":"browser-automation","msg":"browser launched"}
{"level":30,"time":"2026-02-28T10:32:46.834Z","pid":18076,"hostname":"Brunos-MacBook-Air.local","name":"browser-automation","sessionId":"t_o3ZD847-8X","url":"https://www.cebupacificair.com/","msg":"session acquired"}
{"level":30,"time":"2026-02-28T10:43:04.055Z","pid":18076,"hostname":"Brunos-MacBook-Air.local","name":"browser-automation","sessionId":"t_o3ZD847-8X","msg":"closing session"}
{"level":30,"time":"2026-02-28T10:43:04.074Z","pid":18076,"hostname":"Brunos-MacBook-Air.local","name":"browser-automation","sessionId":"t_o3ZD847-8X","msg":"session released"}
{"level":30,"time":"2026-02-28T10:43:13.156Z","pid":18076,"hostname":"Brunos-MacBook-Air.local","name":"browser-automation","sessionId":"Iyxbuv6sHHDM","profile":"default","url":"https://nethermind.slack.com/","msg":"session acquired"}
{"level":30,"time":"2026-02-28T10:56:29.482Z","pid":18076,"hostname":"Brunos-MacBook-Air.local","name":"browser-automation","msg":"shutting down browser automation skill"}
{"level":30,"time":"2026-02-28T10:56:29.490Z","pid":18076,"hostname":"Brunos-MacBook-Air.local","name":"browser-automation","msg":"shutting down browser pool"}
{"level":30,"time":"2026-02-28T10:56:29.492Z","pid":18076,"hostname":"Brunos-MacBook-Air.local","name":"browser-automation","sessionId":"Iyxbuv6sHHDM","msg":"closing session"}
{"level":40,"time":"2026-02-28T10:56:29.636Z","pid":18076,"hostname":"Brunos-MacBook-Air.local","name":"browser-automation","msg":"browser disconnected"}
{"level":30,"time":"2026-02-28T10:56:29.682Z","pid":18076,"hostname":"Brunos-MacBook-Air.local","name":"browser-automation","msg":"browser pool shut down"}
{"level":30,"time":"2026-02-28T10:56:29.685Z","pid":18076,"hostname":"Brunos-MacBook-Air.local","name":"browser-automation","msg":"store closed"}
{"level":30,"time":"2026-02-28T10:56:29.685Z","pid":18076,"hostname":"Brunos-MacBook-Air.local","name":"browser-automation","msg":"browser automation skill shut down"}
{"level":30,"time":"2026-02-28T10:57:32.818Z","pid":18706,"hostname":"Brunos-MacBook-Air.local","name":"browser-automation","dbPath":"/Users/brunoclaw/.openclaw/browser-automation/store.db","msg":"store initialized"}
{"level":30,"time":"2026-02-28T10:57:32.827Z","pid":18706,"hostname":"Brunos-MacBook-Air.local","name":"browser-automation","toolCount":28,"version":"0.4.3","msg":"browser automation skill initialized"}
{"level":30,"time":"2026-02-28T10:58:14.369Z","pid":18706,"hostname":"Brunos-MacBook-Air.local","name":"browser-automation","sessionId":"NDcl_k5RoyHh","profile":"default","url":"https://nethermind.slack.com/","msg":"session acquired"}
{"level":30,"time":"2026-02-28T11:05:24.865Z","pid":18706,"hostname":"Brunos-MacBook-Air.local","name":"browser-automation","msg":"shutting down browser automation skill"}
{"level":30,"time":"2026-02-28T11:05:24.870Z","pid":18706,"hostname":"Brunos-MacBook-Air.local","name":"browser-automation","msg":"shutting down browser pool"}
{"level":30,"time":"2026-02-28T11:05:24.870Z","pid":18706,"hostname":"Brunos-MacBook-Air.local","name":"browser-automation","sessionId":"NDcl_k5RoyHh","msg":"closing session"}
{"level":30,"time":"2026-02-28T11:05:24.923Z","pid":18706,"hostname":"Brunos-MacBook-Air.local","name":"browser-automation","msg":"browser pool shut down"}
{"level":30,"time":"2026-02-28T11:05:24.924Z","pid":18706,"hostname":"Brunos-MacBook-Air.local","name":"browser-automation","msg":"store closed"}
{"level":30,"time":"2026-02-28T11:05:24.924Z","pid":18706,"hostname":"Brunos-MacBook-Air.local","name":"browser-automation","msg":"browser automation skill shut down"}
{"level":30,"time":"2026-02-28T11:06:28.093Z","pid":19106,"hostname":"Brunos-MacBook-Air.local","name":"browser-automation","dbPath":"/Users/brunoclaw/.openclaw/browser-automation/store.db","msg":"store initialized"}
{"level":30,"time":"2026-02-28T11:06:28.101Z","pid":19106,"hostname":"Brunos-MacBook-Air.local","name":"browser-automation","toolCount":28,"version":"0.4.3","msg":"browser automation skill initialized"}
{"level":30,"time":"2026-02-28T11:30:13.218Z","pid":19106,"hostname":"Brunos-MacBook-Air.local","name":"browser-automation","sessionId":"O74EGE2T0WFT","profile":"default","url":"https://nethermind.slack.com/","msg":"session acquired"}
{"level":30,"time":"2026-02-28T12:15:22.022Z","pid":19106,"hostname":"Brunos-MacBook-Air.local","name":"browser-automation","sessionId":"O74EGE2T0WFT","msg":"closing session"}
{"level":30,"time":"2026-02-28T12:15:22.091Z","pid":19106,"hostname":"Brunos-MacBook-Air.local","name":"browser-automation","sessionId":"O74EGE2T0WFT","msg":"session released"}
{"level":30,"time":"2026-02-28T12:15:34.910Z","pid":19106,"hostname":"Brunos-MacBook-Air.local","name":"browser-automation","sessionId":"BTt9oXk17d6J","profile":"default","url":"https://nethermind.slack.com/","msg":"session acquired"}
{"level":40,"time":"2026-02-28T12:15:43.237Z","pid":19106,"hostname":"Brunos-MacBook-Air.local","name":"browser-automation","action":"click","attempt":0,"error":"page.evaluate: TypeError: Failed to execute 'observe' on 'MutationObserver': parameter 1 is not of type 'Node'.\n    at eval (eval at evaluate (:290:30), <anonymous>:20:16)\n    at new Promise (<anonymous>)\n    at eval (eval at evaluate (:290:30), <anonymous>:2:12)\n    at UtilityScript.evaluate (<anonymous>:292:16)\n    at UtilityScript.<anonymous> (<anonymous>:1:44)","msg":"action attempt failed"}
{"level":50,"time":"2026-02-28T12:15:43.722Z","pid":19106,"hostname":"Brunos-MacBook-Air.local","name":"browser-automation","action":"click","error":"page navigated from https://nethermind.slack.com/ to https://accounts.google.com/v3/signin/identifier?opparams=%253F&dsh=S-166192366%3A1772280943155753&access_type=offline&client_id=606092904014-s1u3idjanlbhr4ns5b1hcjgfn63cr9nh.apps.googleusercontent.com&o2v=2&prompt=consent&redirect_uri=https%3A%2F%2Foauth2.slack.com%2Fworkspace-signin%2Foauth%2Fgoogle%2Fend&response_type=code&scope=openid+email+profile&service=lso&state=%7B%22provider%22%3A%22google%22%2C%22origin%22%3A%22workspace-signin%22%2C%22timestamp%22%3A1772280942%2C%22visitor%22%3A%22889b27b01e4f395bab13172c6bac5079%22%2C%22team%22%3A%22T03UJJSCMPB%22%7D%7C6bd9645fe16813d9e58c388640788b9dfc6ffe4235eb845d2a79af0a248279dd&flowName=GeneralOAuthFlow&continue=https%3A%2F%2Faccounts.google.com%2Fsignin%2Foauth%2Fconsent%3Fauthuser%3Dunknown%26part%3DAJi8hAPZhixlmLMMUeJLSs0T_O1THjqbWfEAsBq7GccWbz76r4aMCTW2Vxt5ZTqzNaYg0s_Z4FmlrEbwTri7LJoL82jjc8SsWgjIIkPTdtRpAaOomIHmEDBj0jCnRd4gy9GpEHfRyCZQeud7yKCP71UeKUt6w5WbBocR17bsUFHEtzLAxLuLaOu4cmzJCUHEkruGd2p-SEGc_pQJ2jLXQhz519B003nmDV4MRRr4q7Ww--y-n5fC5Augqu6gs5_8Amfce-SGa0nmQvFK6GITfLrf6n_KGPDpRzhZ6emboLUg9ecZKuvSYqkcA2hO8B-OJxVFIzCNuYN7cywS0UT8-PEIznIl4D-J2akuG2EgqlrQCzN35VkKof6mI65jtwgOIQtoZc4sqhcgImFitWLj1Oc064HyTavo3uTmqtdKxVh4dulI4pAKW8DdwlEBJwjIxOdSqkpMEhkAY4ArXwLuT30tbIXkOokJ7A%26flowName%3DGeneralOAuthFlow%26as%3DS-166192366%253A1772280943155753%26client_id%3D606092904014-s1u3idjanlbhr4ns5b1hcjgfn63cr9nh.apps.googleusercontent.com%26requestPath%3D%252Fsignin%252Foauth%252Fconsent%23&app_domain=https%3A%2F%2Foauth2.slack.com&rart=ANgoxcfsu77KlqH-bJnyT-j0rlMjp8VT36-JZh1u4hx45yVbaoiYfcBvF6nOTFnnnSWa_TeYZVKfgWQAbVXiFx9VJaSI1mc5H_ZRPUghIgIBvKe8DDe_lIo during retry","retries":0,"msg":"action failed"}
{"level":30,"time":"2026-03-02T02:38:28.774Z","pid":19106,"hostname":"Brunos-MacBook-Air.local","name":"browser-automation","sessionId":"BTt9oXk17d6J","msg":"closing session"}
{"level":30,"time":"2026-03-02T02:38:28.943Z","pid":19106,"hostname":"Brunos-MacBook-Air.local","name":"browser-automation","sessionId":"BTt9oXk17d6J","msg":"session released"}
{"level":30,"time":"2026-03-02T02:38:36.556Z","pid":19106,"hostname":"Brunos-MacBook-Air.local","name":"browser-automation","sessionId":"hVt_p2GJBaUH","profile":"default","url":"https://x.com/","msg":"session acquired"}
{"level":40,"time":"2026-03-02T02:41:53.561Z","pid":19106,"hostname":"Brunos-MacBook-Air.local","name":"browser-automation","action":"setField","attempt":0,"error":"no selector strategy matched within 45000ms for state visible","msg":"action attempt failed"}
{"level":40,"time":"2026-03-02T02:42:08.031Z","pid":19106,"hostname":"Brunos-MacBook-Air.local","name":"browser-automation","action":"setField","attempt":1,"error":"no selector strategy matched within 45000ms for state visible","msg":"action attempt failed"}
{"level":40,"time":"2026-03-02T02:42:22.531Z","pid":19106,"hostname":"Brunos-MacBook-Air.local","name":"browser-automation","action":"setField","attempt":2,"error":"no selector strategy matched within 45000ms for state visible","msg":"action attempt failed"}
{"level":40,"time":"2026-03-02T02:42:37.331Z","pid":19106,"hostname":"Brunos-MacBook-Air.local","name":"browser-automation","action":"setField","attempt":3,"error":"no selector strategy matched within 45000ms for state visible","msg":"action attempt failed"}
{"level":50,"time":"2026-03-02T02:42:37.419Z","pid":19106,"hostname":"Brunos-MacBook-Air.local","name":"browser-automation","action":"setField","error":"no selector strategy matched within 45000ms for state visible","retries":3,"msg":"action failed"}
{"level":40,"time":"2026-03-02T02:42:49.419Z","pid":19106,"hostname":"Brunos-MacBook-Air.local","name":"browser-automation","action":"waitForCondition","attempt":0,"error":"page.waitForFunction: EvalError: Evaluating a string as JavaScript violates the following Content Security Policy directive because 'unsafe-eval' is not an allowed source of script: script-src 'self' 'unsafe-inline' https://*.twimg.com https://recaptcha.net/recaptcha/ http://www.gstatic.com/cast/sdk/libs/caf_receiver/v3/cast_receiver_framework.js https://accounts.google.com/gsi/client https://apis.google.com/js/api.js https://appleid.cdn-apple.com/appleauth/static/jsapi/appleid/1/en_US/appleid.auth.js https://client-api.arkoselabs.com/ https://static.ads-twitter.com https://twitter.com https://www.google-analytics.com https://www.gstatic.com/cast/sdk/libs/caf_receiver/v3/cast_receiver_framework.js https://x.com https://sdn.payments-dev.x.com/assets/loader.min.js https://sdn.payments-staging.x.com/assets/loader.min.js https://sdn.payments-prod.x.com/assets/loader.min.js https://sdn.money-dev.x.com/assets/loader.min.js https://sdn.money-staging.x.com/assets/loader.min.js https://sdn.money.x.com/assets/loader.min.js https://sdk.dv.socure.io/latest/device-risk-sdk.js https://cdn.plaid.com/link/v2/stable/link-initialize.js https://payments-dev.x.com/customer/wasm/xxp-forward-with-sdk.js https://payments-staging.x.com/customer/wasm/xxp-forward-with-sdk.js https://payments-prod.x.com/customer/wasm/xxp-forward-with-sdk.js https://money-dev.x.com/customer/wasm/xxp-forward-with-sdk.js https://money-staging.x.com/customer/wasm/xxp-forward-with-sdk.js https://money.x.com/customer/wasm/xxp-forward-with-sdk.js https://js.stripe.com https://*.js.stripe.com https://cdn.getpinwheel.com/pinwheel-v3.2.1.js https://securepubads.g.doubleclick.net https://www.googletagservices.com https://*.googletagservices.com https://pagead2.googlesyndication.com https://adservice.google.com https://www.googleadservices.com https://ads.google.com https://tpc.googlesyndication.com https://*.tpc.googlesyndication.com https://www.google.com https://googleads.g.doubleclick.net https://app.intercom.io https://widget.intercom.io https://js.intercomcdn.com   'wasm-unsafe-eval'  'nonce-Mjk5M2EzMGQtNjY0Ni00YTYwLTgwY2QtMTg4MzY4NGZhYTE0'\".\n\n    at eval (<anonymous>)\n    at predicate (eval at evaluate (:290:30), <anonymous>:4:56)\n    at next (eval at evaluate (:290:30), <anonymous>:29:29)","msg":"action attempt failed"}
{"level":40,"time":"2026-03-02T02:42:49.581Z","pid":19106,"hostname":"Brunos-MacBook-Air.local","name":"browser-automation","action":"waitForCondition","attempt":1,"error":"page.waitForFunction: EvalError: Evaluating a string as JavaScript violates the following Content Security Policy directive because 'unsafe-eval' is not an allowed source of script: script-src 'self' 'unsafe-inline' https://*.twimg.com https://recaptcha.net/recaptcha/ http://www.gstatic.com/cast/sdk/libs/caf_receiver/v3/cast_receiver_framework.js https://accounts.google.com/gsi/client https://apis.google.com/js/api.js https://appleid.cdn-apple.com/appleauth/static/jsapi/appleid/1/en_US/appleid.auth.js https://client-api.arkoselabs.com/ https://static.ads-twitter.com https://twitter.com https://www.google-analytics.com https://www.gstatic.com/cast/sdk/libs/caf_receiver/v3/cast_receiver_framework.js https://x.com https://sdn.payments-dev.x.com/assets/loader.min.js https://sdn.payments-staging.x.com/assets/loader.min.js https://sdn.payments-prod.x.com/assets/loader.min.js https://sdn.money-dev.x.com/assets/loader.min.js https://sdn.money-staging.x.com/assets/loader.min.js https://sdn.money.x.com/assets/loader.min.js https://sdk.dv.socure.io/latest/device-risk-sdk.js https://cdn.plaid.com/link/v2/stable/link-initialize.js https://payments-dev.x.com/customer/wasm/xxp-forward-with-sdk.js https://payments-staging.x.com/customer/wasm/xxp-forward-with-sdk.js https://payments-prod.x.com/customer/wasm/xxp-forward-with-sdk.js https://money-dev.x.com/customer/wasm/xxp-forward-with-sdk.js https://money-staging.x.com/customer/wasm/xxp-forward-with-sdk.js https://money.x.com/customer/wasm/xxp-forward-with-sdk.js https://js.stripe.com https://*.js.stripe.com https://cdn.getpinwheel.com/pinwheel-v3.2.1.js https://securepubads.g.doubleclick.net https://www.googletagservices.com https://*.googletagservices.com https://pagead2.googlesyndication.com https://adservice.google.com https://www.googleadservices.com https://ads.google.com https://tpc.googlesyndication.com https://*.tpc.googlesyndication.com https://www.google.com https://googleads.g.doubleclick.net https://app.intercom.io https://widget.intercom.io https://js.intercomcdn.com   'wasm-unsafe-eval'  'nonce-Mjk5M2EzMGQtNjY0Ni00YTYwLTgwY2QtMTg4MzY4NGZhYTE0'\".\n\n    at eval (<anonymous>)\n    at predicate (eval at evaluate (:290:30), <anonymous>:4:56)\n    at next (eval at evaluate (:290:30), <anonymous>:29:29)","msg":"action attempt failed"}
{"level":40,"time":"2026-03-02T02:42:49.892Z","pid":19106,"hostname":"Brunos-MacBook-Air.local","name":"browser-automation","action":"waitForCondition","attempt":2,"error":"page.waitForFunction: EvalError: Evaluating a string as JavaScript violates the following Content Security Policy directive because 'unsafe-eval' is not an allowed source of script: script-src 'self' 'unsafe-inline' https://*.twimg.com https://recaptcha.net/recaptcha/ http://www.gstatic.com/cast/sdk/libs/caf_receiver/v3/cast_receiver_framework.js https://accounts.google.com/gsi/client https://apis.google.com/js/api.js https://appleid.cdn-apple.com/appleauth/static/jsapi/appleid/1/en_US/appleid.auth.js https://client-api.arkoselabs.com/ https://static.ads-twitter.com https://twitter.com https://www.google-analytics.com https://www.gstatic.com/cast/sdk/libs/caf_receiver/v3/cast_receiver_framework.js https://x.com https://sdn.payments-dev.x.com/assets/loader.min.js https://sdn.payments-staging.x.com/assets/loader.min.js https://sdn.payments-prod.x.com/assets/loader.min.js https://sdn.money-dev.x.com/assets/loader.min.js https://sdn.money-staging.x.com/assets/loader.min.js https://sdn.money.x.com/assets/loader.min.js https://sdk.dv.socure.io/latest/device-risk-sdk.js https://cdn.plaid.com/link/v2/stable/link-initialize.js https://payments-dev.x.com/customer/wasm/xxp-forward-with-sdk.js https://payments-staging.x.com/customer/wasm/xxp-forward-with-sdk.js https://payments-prod.x.com/customer/wasm/xxp-forward-with-sdk.js https://money-dev.x.com/customer/wasm/xxp-forward-with-sdk.js https://money-staging.x.com/customer/wasm/xxp-forward-with-sdk.js https://money.x.com/customer/wasm/xxp-forward-with-sdk.js https://js.stripe.com https://*.js.stripe.com https://cdn.getpinwheel.com/pinwheel-v3.2.1.js https://securepubads.g.doubleclick.net https://www.googletagservices.com https://*.googletagservices.com https://pagead2.googlesyndication.com https://adservice.google.com https://www.googleadservices.com https://ads.google.com https://tpc.googlesyndication.com https://*.tpc.googlesyndication.com https://www.google.com https://googleads.g.doubleclick.net https://app.intercom.io https://widget.intercom.io https://js.intercomcdn.com   'wasm-unsafe-eval'  'nonce-Mjk5M2EzMGQtNjY0Ni00YTYwLTgwY2QtMTg4MzY4NGZhYTE0'\".\n\n    at eval (<anonymous>)\n    at predicate (eval at evaluate (:290:30), <anonymous>:4:56)\n    at next (eval at evaluate (:290:30), <anonymous>:29:29)","msg":"action attempt failed"}
{"level":40,"time":"2026-03-02T02:42:50.349Z","pid":19106,"hostname":"Brunos-MacBook-Air.local","name":"browser-automation","action":"waitForCondition","attempt":3,"error":"page.waitForFunction: EvalError: Evaluating a string as JavaScript violates the following Content Security Policy directive because 'unsafe-eval' is not an allowed source of script: script-src 'self' 'unsafe-inline' https://*.twimg.com https://recaptcha.net/recaptcha/ http://www.gstatic.com/cast/sdk/libs/caf_receiver/v3/cast_receiver_framework.js https://accounts.google.com/gsi/client https://apis.google.com/js/api.js https://appleid.cdn-apple.com/appleauth/static/jsapi/appleid/1/en_US/appleid.auth.js https://client-api.arkoselabs.com/ https://static.ads-twitter.com https://twitter.com https://www.google-analytics.com https://www.gstatic.com/cast/sdk/libs/caf_receiver/v3/cast_receiver_framework.js https://x.com https://sdn.payments-dev.x.com/assets/loader.min.js https://sdn.payments-staging.x.com/assets/loader.min.js https://sdn.payments-prod.x.com/assets/loader.min.js https://sdn.money-dev.x.com/assets/loader.min.js https://sdn.money-staging.x.com/assets/loader.min.js https://sdn.money.x.com/assets/loader.min.js https://sdk.dv.socure.io/latest/device-risk-sdk.js https://cdn.plaid.com/link/v2/stable/link-initialize.js https://payments-dev.x.com/customer/wasm/xxp-forward-with-sdk.js https://payments-staging.x.com/customer/wasm/xxp-forward-with-sdk.js https://payments-prod.x.com/customer/wasm/xxp-forward-with-sdk.js https://money-dev.x.com/customer/wasm/xxp-forward-with-sdk.js https://money-staging.x.com/customer/wasm/xxp-forward-with-sdk.js https://money.x.com/customer/wasm/xxp-forward-with-sdk.js https://js.stripe.com https://*.js.stripe.com https://cdn.getpinwheel.com/pinwheel-v3.2.1.js https://securepubads.g.doubleclick.net https://www.googletagservices.com https://*.googletagservices.com https://pagead2.googlesyndication.com https://adservice.google.com https://www.googleadservices.com https://ads.google.com https://tpc.googlesyndication.com https://*.tpc.googlesyndication.com https://www.google.com https://googleads.g.doubleclick.net https://app.intercom.io https://widget.intercom.io https://js.intercomcdn.com   'wasm-unsafe-eval'  'nonce-Mjk5M2EzMGQtNjY0Ni00YTYwLTgwY2QtMTg4MzY4NGZhYTE0'\".\n\n    at eval (<anonymous>)\n    at predicate (eval at evaluate (:290:30), <anonymous>:4:56)\n    at next (eval at evaluate (:290:30), <anonymous>:29:29)","msg":"action attempt failed"}
{"level":50,"time":"2026-03-02T02:42:50.410Z","pid":19106,"hostname":"Brunos-MacBook-Air.local","name":"browser-automation","action":"waitForCondition","error":"page.waitForFunction: EvalError: Evaluating a string as JavaScript violates the following Content Security Policy directive because 'unsafe-eval' is not an allowed source of script: script-src 'self' 'unsafe-inline' https://*.twimg.com https://recaptcha.net/recaptcha/ http://www.gstatic.com/cast/sdk/libs/caf_receiver/v3/cast_receiver_framework.js https://accounts.google.com/gsi/client https://apis.google.com/js/api.js https://appleid.cdn-apple.com/appleauth/static/jsapi/appleid/1/en_US/appleid.auth.js https://client-api.arkoselabs.com/ https://static.ads-twitter.com https://twitter.com https://www.google-analytics.com https://www.gstatic.com/cast/sdk/libs/caf_receiver/v3/cast_receiver_framework.js https://x.com https://sdn.payments-dev.x.com/assets/loader.min.js https://sdn.payments-staging.x.com/assets/loader.min.js https://sdn.payments-prod.x.com/assets/loader.min.js https://sdn.money-dev.x.com/assets/loader.min.js https://sdn.money-staging.x.com/assets/loader.min.js https://sdn.money.x.com/assets/loader.min.js https://sdk.dv.socure.io/latest/device-risk-sdk.js https://cdn.plaid.com/link/v2/stable/link-initialize.js https://payments-dev.x.com/customer/wasm/xxp-forward-with-sdk.js https://payments-staging.x.com/customer/wasm/xxp-forward-with-sdk.js https://payments-prod.x.com/customer/wasm/xxp-forward-with-sdk.js https://money-dev.x.com/customer/wasm/xxp-forward-with-sdk.js https://money-staging.x.com/customer/wasm/xxp-forward-with-sdk.js https://money.x.com/customer/wasm/xxp-forward-with-sdk.js https://js.stripe.com https://*.js.stripe.com https://cdn.getpinwheel.com/pinwheel-v3.2.1.js https://securepubads.g.doubleclick.net https://www.googletagservices.com https://*.googletagservices.com https://pagead2.googlesyndication.com https://adservice.google.com https://www.googleadservices.com https://ads.google.com https://tpc.googlesyndication.com https://*.tpc.googlesyndication.com https://www.google.com https://googleads.g.doubleclick.net https://app.intercom.io https://widget.intercom.io https://js.intercomcdn.com   'wasm-unsafe-eval'  'nonce-Mjk5M2EzMGQtNjY0Ni00YTYwLTgwY2QtMTg4MzY4NGZhYTE0'\".\n\n    at eval (<anonymous>)\n    at predicate (eval at evaluate (:290:30), <anonymous>:4:56)\n    at next (eval at evaluate (:290:30), <anonymous>:29:29)","retries":3,"msg":"action failed"}
{"level":30,"time":"2026-03-02T17:43:06.220Z","pid":19106,"hostname":"Brunos-MacBook-Air.local","name":"browser-automation","channel":"chrome","msg":"launching browser"}
{"level":30,"time":"2026-03-02T17:43:06.929Z","pid":19106,"hostname":"Brunos-MacBook-Air.local","name":"browser-automation","msg":"browser launched"}
{"level":30,"time":"2026-03-02T17:43:07.301Z","pid":19106,"hostname":"Brunos-MacBook-Air.local","name":"browser-automation","sessionId":"Td5BAdyl1DZc","url":"http://127.0.0.1:8080/dashboard/?v=20260302-2140","msg":"session acquired"}
{"level":30,"time":"2026-03-05T01:36:38.787Z","pid":19106,"hostname":"Brunos-MacBook-Air.local","name":"browser-automation","msg":"shutting down browser automation skill"}
{"level":30,"time":"2026-03-05T01:36:38.811Z","pid":19106,"hostname":"Brunos-MacBook-Air.local","name":"browser-automation","msg":"shutting down browser pool"}
{"level":30,"time":"2026-03-05T01:36:38.811Z","pid":19106,"hostname":"Brunos-MacBook-Air.local","name":"browser-automation","sessionId":"hVt_p2GJBaUH","msg":"closing session"}
{"level":30,"time":"2026-03-05T01:36:38.811Z","pid":19106,"hostname":"Brunos-MacBook-Air.local","name":"browser-automation","sessionId":"Td5BAdyl1DZc","msg":"closing session"}
{"level":40,"time":"2026-03-05T01:36:39.002Z","pid":19106,"hostname":"Brunos-MacBook-Air.local","name":"browser-automation","msg":"browser disconnected"}
{"level":30,"time":"2026-03-05T01:36:39.031Z","pid":19106,"hostname":"Brunos-MacBook-Air.local","name":"browser-automation","msg":"browser pool shut down"}
{"level":30,"time":"2026-03-05T01:36:39.034Z","pid":19106,"hostname":"Brunos-MacBook-Air.local","name":"browser-automation","msg":"store closed"}
{"level":30,"time":"2026-03-05T01:36:39.034Z","pid":19106,"hostname":"Brunos-MacBook-Air.local","name":"browser-automation","msg":"browser automation skill shut down"}
